<?xml version="1.0" encoding="UTF-8"?>
<testsuite xmlns:xsi="http://www.w3.org/2001/XMLSchema-instance" xsi:noNamespaceSchemaLocation="https://maven.apache.org/surefire/maven-surefire-plugin/xsd/surefire-test-report.xsd" version="3.0.2" name="ro.betrio.backend.service.prediction.ProbabilityEngineServiceTest" time="0.482" tests="4" errors="0" skipped="0" failures="0" flakes="0">
  <properties>
[...]
</properties>
  <testcase name="oneXTwoProbabilitiesSumToOneForHighLambdas" classname="ro.betrio.backend.service.prediction.ProbabilityEngineServiceTest" time="0.338"/>
  <testcase name="bttsProbabilitiesAreComplementary" classname="ro.betrio.backend.service.prediction.ProbabilityEngineServiceTest" time="0.02"/>
  <testcase name="overUnderProbabilitiesAreComplementary" classname="ro.betrio.backend.service.prediction.ProbabilityEngineServiceTest" time="0.004"/>
  <testcase name="topExactScoresAreReturnedWithValidProbabilities" classname="ro.betrio.backend.service.prediction.ProbabilityEngineServiceTest" time="0.037"/>
</testsuite>